<?xml version="1.0" encoding="UTF-8"?>
<!-- Generated by org.testng.reporters.JUnitXMLReporter -->
<testsuite hostname="DESKTOP-B2220QC" ignored="0" name="FirefoxTest" tests="2" failures="0" timestamp="2021-10-18T20:49:58 IST" time="0.229" errors="0">
  <testcase name="@BeforeTest beforeTest" time="0.129" classname="Selenium.NewTest">
    <failure type="java.lang.IllegalStateException" message="The driver executable does not exist: F:\Automation Class\New folder\New folder\firefoxdriver.exe">
      <![CDATA[java.lang.IllegalStateException: The driver executable does not exist: F:\Automation Class\New folder\New folder\firefoxdriver.exe
at com.google.common.base.Preconditions.checkState(Preconditions.java:585)
at org.openqa.selenium.remote.service.DriverService.checkExecutable(DriverService.java:146)
at org.openqa.selenium.remote.service.DriverService.findExecutable(DriverService.java:141)
at org.openqa.selenium.firefox.GeckoDriverService.access$100(GeckoDriverService.java:44)
at org.openqa.selenium.firefox.GeckoDriverService$Builder.findDefaultExecutable(GeckoDriverService.java:167)
at org.openqa.selenium.remote.service.DriverService$Builder.build(DriverService.java:355)
at org.openqa.selenium.firefox.FirefoxDriver.toExecutor(FirefoxDriver.java:190)
at org.openqa.selenium.firefox.FirefoxDriver.<init>(FirefoxDriver.java:147)
at org.openqa.selenium.firefox.FirefoxDriver.<init>(FirefoxDriver.java:125)
at Selenium.Base.openFirefoxBrowser(Base.java:20)
at Selenium.NewTest.beforeTest(NewTest.java:35)
... Removed 24 stack frames]]>
    </failure>
  </testcase> <!-- @BeforeTest beforeTest -->
  <testcase name="@BeforeClass beforeClass" time="-1.634570398818E9" classname="Selenium.NewTest">
    <skipped/>
  </testcase> <!-- @BeforeClass beforeClass -->
  <testcase name="@BeforeMethod beforeMethod" time="-1.634570398827E9" classname="Selenium.NewTest">
    <skipped/>
  </testcase> <!-- @BeforeMethod beforeMethod -->
  <testcase name="@AfterMethod afterMethod" time="-1.634570398862E9" classname="Selenium.NewTest">
    <skipped/>
  </testcase> <!-- @AfterMethod afterMethod -->
  <testcase name="@BeforeMethod beforeMethod" time="-1.634570398871E9" classname="Selenium.NewTest">
    <skipped/>
  </testcase> <!-- @BeforeMethod beforeMethod -->
  <testcase name="@AfterMethod afterMethod" time="-1.634570398882E9" classname="Selenium.NewTest">
    <skipped/>
  </testcase> <!-- @AfterMethod afterMethod -->
  <testcase name="@AfterClass afterClass" time="-1.63457039889E9" classname="Selenium.NewTest">
    <skipped/>
  </testcase> <!-- @AfterClass afterClass -->
  <testcase name="testB" time="0.0" classname="Selenium.NewTest">
    <skipped/>
  </testcase> <!-- testB -->
  <testcase name="toVerifyHomePage" time="0.0" classname="Selenium.NewTest">
    <skipped/>
  </testcase> <!-- toVerifyHomePage -->
</testsuite> <!-- FirefoxTest -->
