<?xml version="1.0" encoding="UTF-8"?>
<!-- Generated by org.testng.reporters.JUnitXMLReporter -->
<testsuite hostname="DESKTOP-B2220QC" ignored="0" name="Test" tests="2" failures="1" timestamp="2021-10-15T08:56:42 IST" time="12.701" errors="0">
  <testcase name="testB" time="0.013" classname="Selenium.NewTest"/>
  <testcase name="toVerifyHomePage" time="0.059" classname="Selenium.NewTest">
    <failure type="java.lang.AssertionError" message="The following asserts failed:
	expected [Jipt Popup Boxes] but found [JavaScript Popup Boxes],
	expected [Jipt Popup Boxes] but found [JavaScript Popup Boxes],
	expected [Jipt Popup Boxes] but found [JavaScript Popup Boxes],
	expected [true] but found [false]">
      <![CDATA[java.lang.AssertionError: The following asserts failed:
expected [Jipt Popup Boxes] but found [JavaScript Popup Boxes],
expected [Jipt Popup Boxes] but found [JavaScript Popup Boxes],
expected [Jipt Popup Boxes] but found [JavaScript Popup Boxes],
expected [true] but found [false]
at Selenium.NewTest.toVerifyHomePage(NewTest.java:72)
at java.util.ArrayList.forEach(Unknown Source)
... Removed 29 stack frames]]>
    </failure>
  </testcase> <!-- toVerifyHomePage -->
</testsuite> <!-- Test -->
